<?xml version="1.0" encoding="UTF-8"?>
<!-- Generated by org.testng.reporters.JUnitXMLReporter -->
<testsuite ignored="0" hostname="Rahul" failures="0" tests="5" name="Firefox Test" time="19.759" errors="0" timestamp="2024-02-28T12:41:07 IST">
  <testcase classname="SauceDemoProjectPages.TestBase" name="@BeforeMethod setDriver" time="19.739">
    <failure type="org.openqa.selenium.TimeoutException" message="Expected condition failed: waiting for visibility of element located by By.xpath: //*[@id=&amp;apos;divUsername&amp;apos;]/span (tried for 10 second(s) with 500 milliseconds interval)
Build info: version: &amp;apos;4.1.2&amp;apos;, revision: &amp;apos;9a5a329c5a&amp;apos;
System info: host: &amp;apos;RAHUL&amp;apos;, ip: &amp;apos;192.168.1.25&amp;apos;, os.name: &amp;apos;Windows 11&amp;apos;, os.arch: &amp;apos;amd64&amp;apos;, os.version: &amp;apos;10.0&amp;apos;, java.version: &amp;apos;17.0.8&amp;apos;
Driver info: org.openqa.selenium.remote.RemoteWebDriver
Capabilities {acceptInsecureCerts: true, browserName: firefox, browserVersion: 123.0, javascriptEnabled: true, moz:accessibilityChecks: false, moz:buildID: 20240213221259, moz:debuggerAddress: 127.0.0.1:42154, moz:firefoxOptions: {binary: C:\Program Files\Mozilla Fi...}, moz:geckodriverVersion: 0.34.0, moz:headless: false, moz:platformVersion: 10.0, moz:processID: 21940, moz:profile: C:\Users\thrah\AppData\Loca..., moz:shutdownTimeout: 60000, moz:webdriverClick: true, moz:windowless: false, pageLoadStrategy: normal, platform: XP, platformName: XP, proxy: Proxy(), se:bidiEnabled: false, se:cdp: ws://192.168.1.25:4445/sess..., se:cdpVersion: 85.0, setWindowRect: true, strictFileInteractability: false, timeouts: {implicit: 0, pageLoad: 300000, script: 30000}, unhandledPromptBehavior: dismiss and notify}
Session ID: 07f96cc9-fbbf-48e4-80b8-2b7e2af84a3e">
      <![CDATA[org.openqa.selenium.TimeoutException: Expected condition failed: waiting for visibility of element located by By.xpath: //*[@id='divUsername']/span (tried for 10 second(s) with 500 milliseconds interval)
Build info: version: '4.1.2', revision: '9a5a329c5a'
System info: host: 'RAHUL', ip: '192.168.1.25', os.name: 'Windows 11', os.arch: 'amd64', os.version: '10.0', java.version: '17.0.8'
Driver info: org.openqa.selenium.remote.RemoteWebDriver
Capabilities {acceptInsecureCerts: true, browserName: firefox, browserVersion: 123.0, javascriptEnabled: true, moz:accessibilityChecks: false, moz:buildID: 20240213221259, moz:debuggerAddress: 127.0.0.1:42154, moz:firefoxOptions: {binary: C:\Program Files\Mozilla Fi...}, moz:geckodriverVersion: 0.34.0, moz:headless: false, moz:platformVersion: 10.0, moz:processID: 21940, moz:profile: C:\Users\thrah\AppData\Loca..., moz:shutdownTimeout: 60000, moz:webdriverClick: true, moz:windowless: false, pageLoadStrategy: normal, platform: XP, platformName: XP, proxy: Proxy(), se:bidiEnabled: false, se:cdp: ws://192.168.1.25:4445/sess..., se:cdpVersion: 85.0, setWindowRect: true, strictFileInteractability: false, timeouts: {implicit: 0, pageLoad: 300000, script: 30000}, unhandledPromptBehavior: dismiss and notify}
Session ID: 07f96cc9-fbbf-48e4-80b8-2b7e2af84a3e
at org.openqa.selenium.support.ui.WebDriverWait.timeoutException(WebDriverWait.java:138)
at org.openqa.selenium.support.ui.FluentWait.until(FluentWait.java:231)
at SauceDemoProjectPages.TestBase.setDriver(TestBase.java:45)
at java.base/java.util.ArrayList.forEach(ArrayList.java:1511)
... Removed 31 stack frames]]>
    </failure>
  </testcase> <!-- @BeforeMethod setDriver -->
  <testcase classname="SauceDemoProjectPages.TestBase" name="@AfterMethod closeBrowser" time="-1.70910426755E9">
    <skipped/>
  </testcase> <!-- @AfterMethod closeBrowser -->
  <testcase classname="SauceDemoProjectPages.TestBase" name="@BeforeMethod setDriver" time="-1.709104267551E9">
    <skipped/>
  </testcase> <!-- @BeforeMethod setDriver -->
  <testcase classname="SauceDemoProjectPages.TestBase" name="@AfterMethod closeBrowser" time="-1.709104267553E9">
    <skipped/>
  </testcase> <!-- @AfterMethod closeBrowser -->
  <testcase classname="SauceDemoProjectPages.TestBase" name="@BeforeMethod setDriver" time="-1.709104267554E9">
    <skipped/>
  </testcase> <!-- @BeforeMethod setDriver -->
  <testcase classname="SauceDemoProjectPages.TestBase" name="@AfterMethod closeBrowser" time="-1.709104267556E9">
    <skipped/>
  </testcase> <!-- @AfterMethod closeBrowser -->
  <testcase classname="SauceDemoProjectPages.TestBase" name="@BeforeMethod setDriver" time="-1.709104267557E9">
    <skipped/>
  </testcase> <!-- @BeforeMethod setDriver -->
  <testcase classname="SauceDemoProjectPages.TestBase" name="@AfterMethod closeBrowser" time="-1.70910426756E9">
    <skipped/>
  </testcase> <!-- @AfterMethod closeBrowser -->
  <testcase classname="SauceDemoProjectPages.TestBase" name="@BeforeMethod setDriver" time="-1.709104267561E9">
    <skipped/>
  </testcase> <!-- @BeforeMethod setDriver -->
  <testcase classname="SauceDemoProjectPages.TestBase" name="@AfterMethod closeBrowser" time="-1.709104267563E9">
    <skipped/>
  </testcase> <!-- @AfterMethod closeBrowser -->
  <testcase classname="SauceDemoProjectTests.Selenium4ParallelDemo" name="forgotPasswordPageHeading" time="0.0">
    <skipped/>
  </testcase> <!-- forgotPasswordPageHeading -->
  <testcase classname="SauceDemoProjectTests.Selenium4ParallelDemo" name="invalidCredentials" time="0.0">
    <skipped/>
  </testcase> <!-- invalidCredentials -->
  <testcase classname="SauceDemoProjectTests.Selenium4ParallelDemo" name="loginPageHeading" time="0.0">
    <skipped/>
  </testcase> <!-- loginPageHeading -->
  <testcase classname="SauceDemoProjectTests.Selenium4ParallelDemo" name="validCredentials" time="0.0">
    <skipped/>
  </testcase> <!-- validCredentials -->
  <testcase classname="SauceDemoProjectTests.Selenium4ParallelDemo" name="verifyLinkedIn" time="0.0">
    <skipped/>
  </testcase> <!-- verifyLinkedIn -->
</testsuite> <!-- Firefox Test -->
